#
# A fatal error has been detected by the Java Runtime Environment:
#
#  EXCEPTION_ACCESS_VIOLATION (0xc0000005) at pc=0x00000001800038e0, pid=5476, tid=0x0000000000003358
#
# JRE version: Java(TM) SE Runtime Environment (8.0_151-b12) (build 1.8.0_151-b12)
# Java VM: Java HotSpot(TM) 64-Bit Server VM (25.151-b12 mixed mode windows-amd64 compressed oops)
# Problematic frame:
# C  0x00000001800038e0
#
# Failed to write core dump. Minidumps are not enabled by default on client versions of Windows
#
# If you would like to submit a bug report, please visit:
#   http://bugreport.java.com/bugreport/crash.jsp
# The crash happened outside the Java Virtual Machine in native code.
# See problematic frame for where to report the bug.
#

---------------  T H R E A D  ---------------

Current thread (0x0000000019b8a800):  JavaThread "Finalizer" daemon [_thread_in_native, id=13144, stack(0x000000001adf0000,0x000000001aef0000)]

siginfo: ExceptionCode=0xc0000005, ExceptionInformation=0x0000000000000008 0x00000001800038e0

Registers:
RAX=0x00000001800038e0, RBX=0x00000000197c9ac8, RCX=0x0000000019b8a9f8, RDX=0x000000001aeef488
RSP=0x000000001aeef3f8, RBP=0x000000001aeef478, RSI=0x00000000000018c0, RDI=0x00000007c0006598
R8 =0x000000001c37bc80, R9 =0x0000000783baeae8, R10=0x0000000002b27f48, R11=0x0000000071c1b4d0
R12=0x0000000000000000, R13=0x00000000197c9ac8, R14=0x000000001aeef4a0, R15=0x0000000019b8a800
RIP=0x00000001800038e0, EFLAGS=0x0000000000010202

Top of Stack: (sp=0x000000001aeef3f8)
0x000000001aeef3f8:   0000000002b27f74 0000000019b8a800
0x000000001aeef408:   00000000000000c2 0000000000000000
0x000000001aeef418:   0000000702293900 0000000000000001
0x000000001aeef428:   0000000702296708 0000000000000001
0x000000001aeef438:   000000001aeef438 0000000000000000
0x000000001aeef448:   000000001aeef4a0 0000000020457b30
0x000000001aeef458:   0000000000000000 00000000197c9ac8
0x000000001aeef468:   0000000000000000 000000001aeef498
0x000000001aeef478:   000000001aeef4e8 0000000002b1835d
0x000000001aeef488:   0000000783971190 0000000002b219d8
0x000000001aeef498:   000000001c37bc80 000000002085f758
0x000000001aeef4a8:   000000001aeef4a8 00000000197c7b35
0x000000001aeef4b8:   000000001aeef4f8 0000000020457b30
0x000000001aeef4c8:   0000000000000000 00000000197c7b58
0x000000001aeef4d8:   000000001aeef498 000000001aeef4f8
0x000000001aeef4e8:   000000001aeef540 0000000002b1835d 

Instructions: (pc=0x00000001800038e0)
0x00000001800038c0:   
[error occurred during error reporting (printing registers, top of stack, instructions near pc), id 0xc0000005]

Register to memory mapping:

RAX=0x00000001800038e0 is an unknown value
RBX={method} {0x00000000197c9ad0} 'free' '(J)V' in 'com/sun/jna/Memory'
RCX=0x0000000019b8a9f8 is an unknown value
RDX=0x000000001aeef488 is pointing into the stack for thread: 0x0000000019b8a800
RSP=0x000000001aeef3f8 is pointing into the stack for thread: 0x0000000019b8a800
RBP=0x000000001aeef478 is pointing into the stack for thread: 0x0000000019b8a800
RSI=0x00000000000018c0 is an unknown value
RDI=0x00000007c0006598 is pointing into metadata
R8 =0x000000001c37bc80 is an unknown value
R9 =0x0000000783baeae8 is an oop
java.lang.ref.Finalizer 
 - klass: 'java/lang/ref/Finalizer'
R10=0x0000000002b27f48 is at code_begin+840 in an Interpreter codelet
method entry point (kind = native)  [0x0000000002b27c00, 0x0000000002b28560]  2400 bytes
R11=0x0000000071c1b4d0 is an unknown value
R12=0x0000000000000000 is an unknown value
R13={method} {0x00000000197c9ad0} 'free' '(J)V' in 'com/sun/jna/Memory'
R14=0x000000001aeef4a0 is pointing into the stack for thread: 0x0000000019b8a800
R15=0x0000000019b8a800 is a thread


Stack: [0x000000001adf0000,0x000000001aef0000],  sp=0x000000001aeef3f8,  free space=1020k
Native frames: (J=compiled Java code, j=interpreted, Vv=VM code, C=native code)
C  0x00000001800038e0

Java frames: (J=compiled Java code, j=interpreted, Vv=VM code)
j  com.sun.jna.Memory.free(J)V+0
j  com.sun.jna.Memory.finalize()V+13
j  java.lang.System$2.invokeFinalize(Ljava/lang/Object;)V+1
j  java.lang.ref.Finalizer.runFinalizer(Lsun/misc/JavaLangAccess;)V+46
j  java.lang.ref.Finalizer.access$100(Ljava/lang/ref/Finalizer;Lsun/misc/JavaLangAccess;)V+2
j  java.lang.ref.Finalizer$FinalizerThread.run()V+45
v  ~StubRoutines::call_stub

---------------  P R O C E S S  ---------------

Java Threads: ( => current thread )
  0x000000001bfbd000 JavaThread "TimerQueue" daemon [_thread_blocked, id=23508, stack(0x00000000205a0000,0x00000000206a0000)]
  0x000000000290e000 JavaThread "DestroyJavaVM" [_thread_blocked, id=22984, stack(0x0000000002910000,0x0000000002a10000)]
  0x000000001bb8e000 JavaThread "AWT-EventQueue-0" [_thread_blocked, id=13668, stack(0x000000001d890000,0x000000001d990000)]
  0x000000001bb90800 JavaThread "AWT-Shutdown" [_thread_blocked, id=21988, stack(0x000000001d280000,0x000000001d380000)]
  0x000000001bb41800 JavaThread "Java2D Disposer" daemon [_thread_blocked, id=23592, stack(0x000000001d180000,0x000000001d280000)]
  0x0000000019bfd800 JavaThread "Service Thread" daemon [_thread_blocked, id=11408, stack(0x000000001b7f0000,0x000000001b8f0000)]
  0x0000000019bc6800 JavaThread "C1 CompilerThread2" daemon [_thread_blocked, id=19896, stack(0x000000001b6f0000,0x000000001b7f0000)]
  0x0000000019bba800 JavaThread "C2 CompilerThread1" daemon [_thread_blocked, id=20880, stack(0x000000001b5f0000,0x000000001b6f0000)]
  0x0000000019bb8800 JavaThread "C2 CompilerThread0" daemon [_thread_blocked, id=1656, stack(0x000000001b4f0000,0x000000001b5f0000)]
  0x0000000019bb7800 JavaThread "Attach Listener" daemon [_thread_blocked, id=624, stack(0x000000001b3f0000,0x000000001b4f0000)]
  0x000000001af33000 JavaThread "Signal Dispatcher" daemon [_thread_blocked, id=7900, stack(0x000000001b2f0000,0x000000001b3f0000)]
=>0x0000000019b8a800 JavaThread "Finalizer" daemon [_thread_in_native, id=13144, stack(0x000000001adf0000,0x000000001aef0000)]
  0x0000000002aff800 JavaThread "Reference Handler" daemon [_thread_blocked, id=7380, stack(0x000000001acf0000,0x000000001adf0000)]

Other Threads:
  0x0000000019b68000 VMThread [stack: 0x000000001abf0000,0x000000001acf0000] [id=18824]
  0x000000001afb3000 WatcherThread [stack: 0x000000001b8f0000,0x000000001b9f0000] [id=3940]

VM state:not at safepoint (normal execution)

VM Mutex/Monitor currently owned by a thread: None

Heap:
 PSYoungGen      total 57344K, used 12922K [0x0000000780900000, 0x0000000784900000, 0x00000007c0000000)
  eden space 49152K, 9% used [0x0000000780900000,0x0000000780da0e50,0x0000000783900000)
  from space 8192K, 99% used [0x0000000783900000,0x00000007840fdc80,0x0000000784100000)
  to   space 8192K, 0% used [0x0000000784100000,0x0000000784100000,0x0000000784900000)
 ParOldGen       total 131072K, used 8797K [0x0000000701a00000, 0x0000000709a00000, 0x0000000780900000)
  object space 131072K, 6% used [0x0000000701a00000,0x00000007022976f0,0x0000000709a00000)
 Metaspace       used 15771K, capacity 15916K, committed 16000K, reserved 1062912K
  class space    used 2100K, capacity 2158K, committed 2176K, reserved 1048576K

Card table byte_map: [0x0000000011ed0000,0x00000000124d0000] byte_map_base: 0x000000000e6c3000

Marking Bits: (ParMarkBitMap*) 0x000000007220d850
 Begin Bits: [0x0000000012cd0000, 0x0000000015c68000)
 End Bits:   [0x0000000015c68000, 0x0000000018c00000)

Polling page: 0x0000000000750000

CodeCache: size=245760Kb used=7050Kb max_used=7061Kb free=238709Kb
 bounds [0x0000000002b10000, 0x0000000003200000, 0x0000000011b10000]
 total_blobs=2660 nmethods=2086 adapters=485
 compilation: enabled

Compilation events (10 events):
Event: 195.788 Thread 0x0000000019bc6800 2091       3       sun.misc.VM::addFinalRefCount (24 bytes)
Event: 195.789 Thread 0x0000000019bc6800 nmethod 2091 0x00000000031f7350 code [0x00000000031f74a0, 0x00000000031f7650]
Event: 195.789 Thread 0x0000000019bc6800 2090   !   3       java.lang.ref.ReferenceQueue::enqueue (119 bytes)
Event: 195.789 Thread 0x0000000019bc6800 nmethod 2090 0x00000000031f6850 code [0x00000000031f69e0, 0x00000000031f7168]
Event: 195.789 Thread 0x0000000019bc6800 2092       3       java.lang.ref.ReferenceQueue::reallyPoll (66 bytes)
Event: 195.790 Thread 0x0000000019bc6800 nmethod 2092 0x00000000031f6190 code [0x00000000031f6300, 0x00000000031f6790]
Event: 195.790 Thread 0x0000000019bc6800 2093       3       java.lang.ref.Reference::clear (6 bytes)
Event: 195.790 Thread 0x0000000019bc6800 nmethod 2093 0x00000000031f5e50 code [0x00000000031f5fa0, 0x00000000031f6110]
Event: 195.790 Thread 0x0000000019bc6800 2094       3       java.lang.ref.ReferenceQueue::remove (6 bytes)
Event: 195.790 Thread 0x0000000019bc6800 nmethod 2094 0x00000000031f5a50 code [0x00000000031f5bc0, 0x00000000031f5dc8]

GC Heap History (2 events):
Event: 195.773 GC heap before
{Heap before GC invocations=1 (full 0):
 PSYoungGen      total 57344K, used 49152K [0x0000000780900000, 0x0000000784900000, 0x00000007c0000000)
  eden space 49152K, 100% used [0x0000000780900000,0x0000000783900000,0x0000000783900000)
  from space 8192K, 0% used [0x0000000784100000,0x0000000784100000,0x0000000784900000)
  to   space 8192K, 0% used [0x0000000783900000,0x0000000783900000,0x0000000784100000)
 ParOldGen       total 131072K, used 0K [0x0000000701a00000, 0x0000000709a00000, 0x0000000780900000)
  object space 131072K, 0% used [0x0000000701a00000,0x0000000701a00000,0x0000000709a00000)
 Metaspace       used 15762K, capacity 15916K, committed 16000K, reserved 1062912K
  class space    used 2100K, capacity 2158K, committed 2176K, reserved 1048576K
Event: 195.787 GC heap after
Heap after GC invocations=1 (full 0):
 PSYoungGen      total 57344K, used 8183K [0x0000000780900000, 0x0000000784900000, 0x00000007c0000000)
  eden space 49152K, 0% used [0x0000000780900000,0x0000000780900000,0x0000000783900000)
  from space 8192K, 99% used [0x0000000783900000,0x00000007840fdc80,0x0000000784100000)
  to   space 8192K, 0% used [0x0000000784100000,0x0000000784100000,0x0000000784900000)
 ParOldGen       total 131072K, used 8797K [0x0000000701a00000, 0x0000000709a00000, 0x0000000780900000)
  object space 131072K, 6% used [0x0000000701a00000,0x00000007022976f0,0x0000000709a00000)
 Metaspace       used 15762K, capacity 15916K, committed 16000K, reserved 1062912K
  class space    used 2100K, capacity 2158K, committed 2176K, reserved 1048576K
}

Deoptimization events (10 events):
Event: 2.522 Thread 0x000000001bb8e000 Uncommon trap: reason=class_check action=maybe_recompile pc=0x0000000002c98290 method=java.lang.String.equals(Ljava/lang/Object;)Z @ 8
Event: 2.522 Thread 0x000000001bb8e000 Uncommon trap: reason=class_check action=maybe_recompile pc=0x0000000002c98290 method=java.lang.String.equals(Ljava/lang/Object;)Z @ 8
Event: 29.113 Thread 0x000000001bb8e000 Uncommon trap: reason=unstable_if action=reinterpret pc=0x00000000031262e8 method=java.security.AccessController.getContext()Ljava/security/AccessControlContext; @ 5
Event: 29.119 Thread 0x000000001bb8e000 Uncommon trap: reason=unstable_if action=reinterpret pc=0x00000000030a0e08 method=java.awt.EventQueue.getPriority(Ljava/awt/AWTEvent;)I @ 4
Event: 29.119 Thread 0x000000001bb8e000 Uncommon trap: reason=unstable_if action=reinterpret pc=0x000000000308f4fc method=java.awt.EventQueue.eventToCacheIndex(Ljava/awt/AWTEvent;)I @ 71
Event: 29.120 Thread 0x000000001bb8e000 Uncommon trap: reason=unstable_if action=reinterpret pc=0x0000000003173eec method=java.awt.EventQueue.eventToCacheIndex(Ljava/awt/AWTEvent;)I @ 71
Event: 29.120 Thread 0x000000001bb8e000 Uncommon trap: reason=class_check action=maybe_recompile pc=0x000000000316ceb4 method=java.awt.EventQueue.setCurrentEventAndMostRecentTimeImpl(Ljava/awt/AWTEvent;)V @ 135
Event: 194.778 Thread 0x000000001bb8e000 Uncommon trap: reason=class_check action=maybe_recompile pc=0x00000000031cabb4 method=java.awt.EventQueue.coalesceEvent(Ljava/awt/AWTEvent;I)Z @ 61
Event: 194.801 Thread 0x000000001bb8e000 Uncommon trap: reason=unstable_if action=reinterpret pc=0x0000000002c1d9fc method=java.util.WeakHashMap.size()I @ 4
Event: 194.803 Thread 0x000000001bfbd000 Uncommon trap: reason=unstable_if action=reinterpret pc=0x00000000031e0d20 method=java.util.concurrent.locks.AbstractQueuedSynchronizer$ConditionObject.awaitNanos(J)J @ 47

Internal exceptions (10 events):
Event: 0.302 Thread 0x000000000290e000 Exception <a 'java/io/FileNotFoundException'> (0x0000000780b923c8) thrown at [C:\re\workspace\8-2-build-windows-amd64-cygwin\jdk8u151\9699\hotspot\src\share\vm\prims\jni.cpp, line 709]
Event: 0.362 Thread 0x000000000290e000 Exception <a 'java/lang/NoSuchFieldError': method resolution failed> (0x0000000780c5f810) thrown at [C:\re\workspace\8-2-build-windows-amd64-cygwin\jdk8u151\9699\hotspot\src\share\vm\prims\methodHandles.cpp, line 1146]
Event: 0.368 Thread 0x000000000290e000 Exception <a 'java/lang/NoSuchFieldError': method resolution failed> (0x0000000780c6cbe0) thrown at [C:\re\workspace\8-2-build-windows-amd64-cygwin\jdk8u151\9699\hotspot\src\share\vm\prims\methodHandles.cpp, line 1146]
Event: 1.472 Thread 0x000000000290e000 Exception <a 'java/io/FileNotFoundException'> (0x0000000781156ba8) thrown at [C:\re\workspace\8-2-build-windows-amd64-cygwin\jdk8u151\9699\hotspot\src\share\vm\prims\jni.cpp, line 709]
Event: 1.979 Thread 0x000000001bb8e000 Implicit null exception at 0x0000000002cf8656 to 0x0000000002cf8a05
Event: 1.980 Thread 0x000000001bb8e000 Implicit null exception at 0x0000000002cfad16 to 0x0000000002cfb0c1
Event: 1.989 Thread 0x000000001bb8e000 Implicit null exception at 0x0000000002d09f95 to 0x0000000002d0a199
Event: 1.989 Thread 0x000000001bb8e000 Implicit null exception at 0x0000000002e2df59 to 0x0000000002e2ea2d
Event: 1.994 Thread 0x000000001bb8e000 Implicit null exception at 0x0000000002d4986f to 0x0000000002d498d9
Event: 29.113 Thread 0x000000001bb8e000 Implicit null exception at 0x0000000003125fa9 to 0x00000000031262d3

Events (10 events):
Event: 195.788 Executing VM operation: RevokeBias
Event: 195.788 Executing VM operation: RevokeBias done
Event: 195.788 Executing VM operation: RevokeBias
Event: 195.788 Executing VM operation: RevokeBias done
Event: 195.788 Executing VM operation: RevokeBias
Event: 195.788 Executing VM operation: RevokeBias done
Event: 195.788 Executing VM operation: RevokeBias
Event: 195.789 Executing VM operation: RevokeBias done
Event: 195.790 Thread 0x000000001b163000 Thread exited: 0x000000001b163000
Event: 195.819 Thread 0x000000001bb3b000 Thread exited: 0x000000001bb3b000


Dynamic libraries:
0x00007ff6d9200000 - 0x00007ff6d9237000 	C:\Program Files\Java\jre1.8.0_151\bin\javaw.exe
0x00007ffb8c300000 - 0x00007ffb8c4e1000 	C:\WINDOWS\SYSTEM32\ntdll.dll
0x00007ffb897f0000 - 0x00007ffb898a2000 	C:\WINDOWS\System32\KERNEL32.DLL
0x00007ffb891a0000 - 0x00007ffb89413000 	C:\WINDOWS\System32\KERNELBASE.dll
0x00007ffb8bea0000 - 0x00007ffb8bf41000 	C:\WINDOWS\System32\ADVAPI32.dll
0x00007ffb8b8d0000 - 0x00007ffb8b96e000 	C:\WINDOWS\System32\msvcrt.dll
0x00007ffb89790000 - 0x00007ffb897eb000 	C:\WINDOWS\System32\sechost.dll
0x00007ffb89be0000 - 0x00007ffb89d04000 	C:\WINDOWS\System32\RPCRT4.dll
0x00007ffb89d40000 - 0x00007ffb89ed0000 	C:\WINDOWS\System32\USER32.dll
0x00007ffb88770000 - 0x00007ffb88790000 	C:\WINDOWS\System32\win32u.dll
0x00007ffb898b0000 - 0x00007ffb898d8000 	C:\WINDOWS\System32\GDI32.dll
0x00007ffb88890000 - 0x00007ffb88a22000 	C:\WINDOWS\System32\gdi32full.dll
0x00007ffb886d0000 - 0x00007ffb8876f000 	C:\WINDOWS\System32\msvcp_win.dll
0x00007ffb89610000 - 0x00007ffb8970a000 	C:\WINDOWS\System32\ucrtbase.dll
0x00007ffb7e790000 - 0x00007ffb7e9f9000 	C:\WINDOWS\WinSxS\amd64_microsoft.windows.common-controls_6595b64144ccf1df_6.0.17134.590_none_fb3d9bff3069e088\COMCTL32.dll
0x00007ffb8b970000 - 0x00007ffb8bc92000 	C:\WINDOWS\System32\combase.dll
0x00007ffb89710000 - 0x00007ffb8978a000 	C:\WINDOWS\System32\bcryptPrimitives.dll
0x00007ffb898e0000 - 0x00007ffb8990d000 	C:\WINDOWS\System32\IMM32.DLL
0x0000000071790000 - 0x0000000071862000 	C:\Program Files\Java\jre1.8.0_151\bin\msvcr100.dll
0x00000000719f0000 - 0x000000007228d000 	C:\Program Files\Java\jre1.8.0_151\bin\server\jvm.dll
0x00007ffb89d30000 - 0x00007ffb89d38000 	C:\WINDOWS\System32\PSAPI.DLL
0x00007ffb7edd0000 - 0x00007ffb7edf3000 	C:\WINDOWS\SYSTEM32\WINMM.dll
0x00007ffb7eda0000 - 0x00007ffb7edca000 	C:\WINDOWS\SYSTEM32\WINMMBASE.dll
0x00007ffb88790000 - 0x00007ffb887d9000 	C:\WINDOWS\System32\cfgmgr32.dll
0x00007ffb78df0000 - 0x00007ffb78dfa000 	C:\WINDOWS\SYSTEM32\VERSION.dll
0x00007ffb84780000 - 0x00007ffb84789000 	C:\WINDOWS\SYSTEM32\WSOCK32.dll
0x00007ffb8be30000 - 0x00007ffb8be9c000 	C:\WINDOWS\System32\ws2_32.DLL
0x0000000072340000 - 0x000000007234f000 	C:\Program Files\Java\jre1.8.0_151\bin\verify.dll
0x0000000072310000 - 0x0000000072339000 	C:\Program Files\Java\jre1.8.0_151\bin\java.dll
0x00000000722c0000 - 0x00000000722d6000 	C:\Program Files\Java\jre1.8.0_151\bin\zip.dll
0x00007ffb89fa0000 - 0x00007ffb8b3e0000 	C:\WINDOWS\System32\SHELL32.dll
0x00007ffb8bca0000 - 0x00007ffb8bd49000 	C:\WINDOWS\System32\shcore.dll
0x00007ffb88a90000 - 0x00007ffb8919d000 	C:\WINDOWS\System32\windows.storage.dll
0x00007ffb8bd50000 - 0x00007ffb8bda1000 	C:\WINDOWS\System32\shlwapi.dll
0x00007ffb886b0000 - 0x00007ffb886c1000 	C:\WINDOWS\System32\kernel.appcore.dll
0x00007ffb88690000 - 0x00007ffb886af000 	C:\WINDOWS\System32\profapi.dll
0x00007ffb88610000 - 0x00007ffb8865c000 	C:\WINDOWS\System32\powrprof.dll
0x00007ffb88680000 - 0x00007ffb8868a000 	C:\WINDOWS\System32\FLTLIB.DLL
0x00000000715f0000 - 0x0000000071788000 	C:\Program Files\Java\jre1.8.0_151\bin\awt.dll
0x00007ffb89ed0000 - 0x00007ffb89f93000 	C:\WINDOWS\System32\OLEAUT32.dll
0x00007ffb86970000 - 0x00007ffb869fb000 	C:\WINDOWS\SYSTEM32\apphelp.dll
0x00007ffb3e760000 - 0x00007ffb40657000 	F:\opencv\build\java\x64\opencv_java320.dll
0x00007ffb8c110000 - 0x00007ffb8c261000 	C:\WINDOWS\System32\ole32.dll
0x00007ffb84d30000 - 0x00007ffb84d4f000 	C:\WINDOWS\SYSTEM32\AVIFIL32.dll
0x00007ffb845b0000 - 0x00007ffb845c8000 	C:\WINDOWS\SYSTEM32\AVICAP32.dll
0x00007ffb84580000 - 0x00007ffb845a9000 	C:\WINDOWS\SYSTEM32\MSVFW32.dll
0x00007ffb84640000 - 0x00007ffb8465c000 	C:\WINDOWS\SYSTEM32\MSACM32.dll
0x00007ffb88040000 - 0x00007ffb88057000 	C:\WINDOWS\SYSTEM32\CRYPTSP.dll
0x00007ffb87a70000 - 0x00007ffb87aa3000 	C:\WINDOWS\system32\rsaenh.dll
0x00007ffb88170000 - 0x00007ffb88195000 	C:\WINDOWS\SYSTEM32\bcrypt.dll
0x00007ffb88510000 - 0x00007ffb88538000 	C:\WINDOWS\SYSTEM32\USERENV.dll
0x00007ffb88060000 - 0x00007ffb8806b000 	C:\WINDOWS\SYSTEM32\CRYPTBASE.dll
0x00000000719d0000 - 0x00000000719ea000 	C:\Program Files\Java\jre1.8.0_151\bin\net.dll
0x00007ffb87e90000 - 0x00007ffb87ef6000 	C:\WINDOWS\system32\mswsock.dll
0x00007ffb87c10000 - 0x00007ffb87c48000 	C:\WINDOWS\SYSTEM32\IPHLPAPI.DLL
0x00007ffb8bf60000 - 0x00007ffb8bf68000 	C:\WINDOWS\System32\NSI.dll
0x00007ffb80f60000 - 0x00007ffb80f76000 	C:\WINDOWS\SYSTEM32\dhcpcsvc6.DLL
0x00007ffb80f40000 - 0x00007ffb80f5a000 	C:\WINDOWS\SYSTEM32\dhcpcsvc.DLL
0x00000000719b0000 - 0x00000000719c1000 	C:\Program Files\Java\jre1.8.0_151\bin\nio.dll
0x00007ffb6aa10000 - 0x00007ffb6ab49000 	G:\IntelliJ\ClientDemo-NetBeansPro\HCNetSDK.dll
0x000000001c380000 - 0x000000001c9cd000 	G:\IntelliJ\ClientDemo-NetBeansPro\HCCore.dll
0x000000001c9d0000 - 0x000000001ce80000 	G:\IntelliJ\ClientDemo-NetBeansPro\PlayCtrl.dll
0x00007ffb7dc60000 - 0x00007ffb7dc89000 	G:\IntelliJ\ClientDemo-NetBeansPro\AudioRender.dll
0x00000000718d0000 - 0x0000000071973000 	C:\WINDOWS\WinSxS\amd64_microsoft.vc90.crt_1fc8b3b9a1e18e3b_9.0.30729.9415_none_08e0c10ba840a28a\MSVCR90.dll
0x00007ffb5fd60000 - 0x00007ffb5fdef000 	C:\WINDOWS\SYSTEM32\DSOUND.dll
0x000000001ce80000 - 0x000000001cf95000 	G:\IntelliJ\ClientDemo-NetBeansPro\SuperRender.dll
0x00007ffb6be40000 - 0x00007ffb6bf36000 	C:\WINDOWS\SYSTEM32\DDRAW.dll
0x00007ffb80020000 - 0x00007ffb80028000 	C:\WINDOWS\SYSTEM32\DCIMAN32.dll
0x00007ffb873d0000 - 0x00007ffb8748b000 	C:\WINDOWS\SYSTEM32\dxgi.dll
0x00007ffb86ce0000 - 0x00007ffb86d78000 	C:\WINDOWS\system32\uxtheme.dll
0x00007ffb89970000 - 0x00007ffb89ae3000 	C:\WINDOWS\System32\MSCTF.dll
0x00007ffb86db0000 - 0x00007ffb86dd9000 	C:\WINDOWS\system32\dwmapi.dll
0x00007ffb74b80000 - 0x00007ffb74ca0000 	C:\WINDOWS\system32\opengl32.dll
0x00007ffb81280000 - 0x00007ffb812ac000 	C:\WINDOWS\SYSTEM32\GLU32.dll
0x00000000715a0000 - 0x00000000715e7000 	C:\Program Files\Java\jre1.8.0_151\bin\fontmanager.dll
0x00007ffb78e70000 - 0x00007ffb78f17000 	C:\WINDOWS\WinSxS\amd64_microsoft.windows.common-controls_6595b64144ccf1df_5.82.17134.590_none_f957b8d13090c3f9\comctl32.dll
0x0000000071550000 - 0x0000000071592000 	C:\Program Files\Java\jre1.8.0_151\bin\t2k.dll
0x00007ffb8b830000 - 0x00007ffb8b8d0000 	C:\WINDOWS\System32\clbcatq.dll
0x00007ffb7cfe0000 - 0x00007ffb7d18e000 	C:\WINDOWS\SYSTEM32\WindowsCodecs.dll
0x00007ffb75890000 - 0x00007ffb75926000 	C:\WINDOWS\System32\TextInputFramework.dll
0x00007ffb7cb00000 - 0x00007ffb7ce1e000 	C:\WINDOWS\System32\CoreUIComponents.dll
0x00007ffb86770000 - 0x00007ffb8684a000 	C:\WINDOWS\System32\CoreMessaging.dll
0x00007ffb87700000 - 0x00007ffb87731000 	C:\WINDOWS\SYSTEM32\ntmarta.dll
0x00007ffb84bd0000 - 0x00007ffb84d1d000 	C:\WINDOWS\SYSTEM32\wintypes.dll
0x00007ffb84760000 - 0x00007ffb84767000 	C:\WINDOWS\system32\MSIMG32.dll
0x00007ffb5fee0000 - 0x00007ffb6074f000 	C:\WINDOWS\system32\SogouPy.ime
0x00007ffb84090000 - 0x00007ffb8416d000 	C:\WINDOWS\SYSTEM32\WINHTTP.dll
0x00007ffb81c90000 - 0x00007ffb81cfb000 	C:\WINDOWS\SYSTEM32\OLEACC.dll
0x00007ffb5c480000 - 0x00007ffb5c6e9000 	D:\SogouInput\Components\PicFace\1.1.0.1844\PicFace64.dll
0x00007ffb89af0000 - 0x00007ffb89bdd000 	C:\WINDOWS\System32\COMDLG32.dll
0x0000000023950000 - 0x0000000023a5f000 	D:\SogouInput\9.2.0.2756\Resource.dll
0x00007ffb4d640000 - 0x00007ffb4d912000 	G:\IntelliJ\ClientDemo-NetBeansPro\HCNetSDKCom\HCVoiceTalk.dll
0x0000000026dd0000 - 0x0000000027120000 	G:\IntelliJ\ClientDemo-NetBeansPro\HCNetSDKCom\HCCoreDevCfg.dll
0x00007ffb4cbd0000 - 0x00007ffb4cfbc000 	G:\IntelliJ\ClientDemo-NetBeansPro\HCNetSDKCom\HCGeneralCfgMgr.dll
0x00007ffb4f4e0000 - 0x00007ffb4f7a4000 	G:\IntelliJ\ClientDemo-NetBeansPro\HCNetSDKCom\HCPlayBack.dll
0x00007ffb4c860000 - 0x00007ffb4cbd0000 	G:\IntelliJ\ClientDemo-NetBeansPro\HCNetSDKCom\HCIndustry.dll
0x00007ffb4b570000 - 0x00007ffb4b87b000 	G:\IntelliJ\ClientDemo-NetBeansPro\HCNetSDKCom\HCDisplay.dll
0x00007ffb4b260000 - 0x00007ffb4b567000 	G:\IntelliJ\ClientDemo-NetBeansPro\HCNetSDKCom\HCPreview.dll
0x00007ffb43960000 - 0x00007ffb43c21000 	G:\IntelliJ\ClientDemo-NetBeansPro\HCNetSDKCom\HCAlarm.dll
0x00007ffb7eb10000 - 0x00007ffb7ecd9000 	C:\WINDOWS\SYSTEM32\dbghelp.dll

VM Arguments:
jvm_args: -Djava.library.path=F:\opencv\build\java\x64 -Dfile.encoding=UTF-8 
java_command: top.jaiken.client.ClientTest
java_class_path (initial): G:\IntelliJ\ClientDemo-NetBeansPro\bin;D:\Eclipse\eclipse\Workspace\JaiNote\lib\mysql-connector-java-5.1.44-bin.jar;F:\opencv\build\java\opencv-320.jar;G:\IntelliJ\ClientDemo-NetBeansPro\jna.jar;G:\IntelliJ\ClientDemo-NetBeansPro\examples.jar
Launcher Type: SUN_STANDARD

Environment Variables:
JAVA_HOME=C:\Program Files\Java\jdk1.8.0_151
CLASSPATH=.;C:\Program Files\Java\jdk1.8.0_151\bin;C:\Program Files\Java\jdk1.8.0_151\lib\dt.jar;C:\Program Files\Java\jdk1.8.0_151\lib\tools.jar;
PATH=C:/Program Files/Java/jre1.8.0_151/bin/server;C:/Program Files/Java/jre1.8.0_151/bin;C:/Program Files/Java/jre1.8.0_151/lib/amd64;C:\Program Files (x86)\Common Files\Intel\Shared Libraries\redist\intel64\compiler;C:\Program Files (x86)\Common Files\NetSarang;D:\Anaconda3;D:\Anaconda3\Library\mingw-w64\bin;D:\Anaconda3\Library\usr\bin;D:\Anaconda3\Library\bin;D:\Anaconda3\Scripts;C:\Program Files\Microsoft MPI\Bin\;C:\ProgramData\Oracle\Java\javapath;G:\Python\Scripts\;G:\Python\;C:\WINDOWS\system32;C:\WINDOWS;C:\WINDOWS\System32\Wbem;C:\WINDOWS\System32\WindowsPowerShell\v1.0\;C:\Program Files\Java\jdk1.8.0_151\bin;C:\Program Files\Java\jdk1.8.0_151\jre\bin;C:\Program Files (x86)\GtkSharp\2.12\bin;C:\Program Files\MySQL\MySQL Utilities 1.6\;C:\Program Files\dotnet\;D:\SQL2012\130\Tools\Binn\;C:\Program Files\Common Files\Autodesk Shared\;G:\MinGW\bin;C:\MinGW\bin;%QUARTUS_ROOTDIR%\bin;C:\WINDOWS\System32\OpenSSH\;C:\Program Files\MySQL\MySQL Server 5.7\bin;D:\apache-maven-3.5.4-bin\apache-maven-3.5.4\bin;D:\Git\cmd;F:\opencv\build\x64\vc14\bin;D:\texlive\2018\bin\win32;C:\Program Files\Java\jdk1.8.0_151\jre\bin;C:\Program Files (x86)\phantomjs-2.1.1-windows\bin;E:\cmake-3.14.0-rc2-win64-x64\bin;E:\MinGW\mingw64\bin;D:\Ruby25-x64\bin;C:\Users\dell\AppData\Local\Microsoft\WindowsApps;C:\Program Files\Java\jdk1.8.0_151\bin;C:\Program Files\Java\jdk1.8.0_151\jre\bin;C:\Users\dell\AppData\Local\GitHubDesktop\bin;C:\Users\dell\AppData\Local\Microsoft\WindowsApps;C:\MinGW\bin;C:\Program Files\MySQL\MySQL Server 5.7\bin;D:\apache-maven-3.5.4-bin\apache-maven-3.5.4\bin;G:\Go\bin;C:\Users\dell\AppData\Local\atom\bin;E:\IntelliJIDEA\IntelliJ IDEA 2018.3.3\bin;;C:\Program Files (x86)\phantomjs-2.1.1-windows\bin;E:\cmake-3.14.0-rc2-win64-x64\bin;E:\MinGW\mingw64\bin;;D:\Eclipse\eclipse;
USERNAME=dell
OS=Windows_NT
PROCESSOR_IDENTIFIER=Intel64 Family 6 Model 78 Stepping 3, GenuineIntel



---------------  S Y S T E M  ---------------

OS: Windows 10.0 , 64 bit Build 17134 (10.0.17134.556)

CPU:total 4 (initial active 4) (2 cores per cpu, 2 threads per core) family 6 model 78 stepping 3, cmov, cx8, fxsr, mmx, sse, sse2, sse3, ssse3, sse4.1, sse4.2, popcnt, avx, avx2, aes, clmul, erms, 3dnowpref, lzcnt, ht, tsc, tscinvbit, bmi1, bmi2, adx

Memory: 4k page, physical 12472064k(6475440k free), swap 17687944k(9672316k free)

vm_info: Java HotSpot(TM) 64-Bit Server VM (25.151-b12) for windows-amd64 JRE (1.8.0_151-b12), built on Sep  5 2017 19:33:46 by "java_re" with MS VC++ 10.0 (VS2010)

time: Thu Feb 28 20:03:22 2019
elapsed time: 196 seconds (0d 0h 3m 16s)

